{"C:\\Users\\gangzhigm\\Desktop\\README_make\\src\\index.ts": {"path":"C:\\Users\\gangzhigm\\Desktop\\README_make\\src\\index.ts","statementMap":{"0":{"start":{"line":2,"column":10},"end":{"line":2,"column":13}},"1":{"start":{"line":3,"column":0},"end":{"line":3,"column":25}},"2":{"start":{"line":4,"column":0},"end":{"line":4,"column":29}},"3":{"start":{"line":5,"column":0},"end":{"line":5,"column":43}},"4":{"start":{"line":6,"column":0},"end":{"line":6,"column":45}},"5":{"start":{"line":7,"column":0},"end":{"line":7,"column":46}},"6":{"start":{"line":8,"column":0},"end":{"line":8,"column":49}},"7":{"start":{"line":9,"column":0},"end":{"line":9,"column":49}},"8":{"start":{"line":10,"column":15},"end":{"line":10,"column":33}},"9":{"start":{"line":338,"column":9},"end":{"line":338,"column":15}},"10":{"start":{"line":11,"column":19},"end":{"line":11,"column":35}},"11":{"start":{"line":338,"column":33},"end":{"line":338,"column":43}},"12":{"start":{"line":12,"column":20},"end":{"line":12,"column":37}},"13":{"start":{"line":338,"column":45},"end":{"line":338,"column":56}},"14":{"start":{"line":13,"column":17},"end":{"line":13,"column":43}},"15":{"start":{"line":338,"column":58},"end":{"line":338,"column":66}},"16":{"start":{"line":14,"column":23},"end":{"line":14,"column":48}},"17":{"start":{"line":338,"column":17},"end":{"line":338,"column":31}},"18":{"start":{"line":15,"column":12},"end":{"line":22,"column":2}},"19":{"start":{"line":23,"column":13},"end":{"line":38,"column":2}},"20":{"start":{"line":338,"column":68},"end":{"line":338,"column":72}},"21":{"start":{"line":40,"column":17},"end":{"line":40,"column":19}},"22":{"start":{"line":41,"column":20},"end":{"line":41,"column":22}},"23":{"start":{"line":42,"column":29},"end":{"line":42,"column":31}},"24":{"start":{"line":46,"column":4},"end":{"line":49,"column":6}},"25":{"start":{"line":52,"column":25},"end":{"line":52,"column":40}},"26":{"start":{"line":53,"column":4},"end":{"line":53,"column":30}},"27":{"start":{"line":54,"column":4},"end":{"line":68,"column":null}},"28":{"start":{"line":55,"column":8},"end":{"line":55,"column":62}},"29":{"start":{"line":56,"column":8},"end":{"line":66,"column":10}},"30":{"start":{"line":67,"column":8},"end":{"line":67,"column":62}},"31":{"start":{"line":71,"column":4},"end":{"line":74,"column":null}},"32":{"start":{"line":72,"column":8},"end":{"line":72,"column":61}},"33":{"start":{"line":73,"column":8},"end":{"line":73,"column":32}},"34":{"start":{"line":75,"column":4},"end":{"line":88,"column":null}},"35":{"start":{"line":76,"column":8},"end":{"line":87,"column":null}},"36":{"start":{"line":76,"column":38},"end":{"line":76,"column":51}},"37":{"start":{"line":78,"column":16},"end":{"line":80,"column":47}},"38":{"start":{"line":81,"column":12},"end":{"line":85,"column":14}},"39":{"start":{"line":83,"column":46},"end":{"line":83,"column":59}},"40":{"start":{"line":86,"column":12},"end":{"line":86,"column":36}},"41":{"start":{"line":91,"column":19},"end":{"line":96,"column":null}},"42":{"start":{"line":94,"column":26},"end":{"line":94,"column":84}},"43":{"start":{"line":96,"column":12},"end":{"line":96,"column":89}},"44":{"start":{"line":98,"column":4},"end":{"line":103,"column":null}},"45":{"start":{"line":99,"column":8},"end":{"line":99,"column":32}},"46":{"start":{"line":100,"column":8},"end":{"line":100,"column":42}},"47":{"start":{"line":101,"column":8},"end":{"line":101,"column":40}},"48":{"start":{"line":102,"column":8},"end":{"line":102,"column":32}},"49":{"start":{"line":106,"column":4},"end":{"line":113,"column":null}},"50":{"start":{"line":107,"column":8},"end":{"line":107,"column":31}},"51":{"start":{"line":108,"column":8},"end":{"line":108,"column":62}},"52":{"start":{"line":109,"column":8},"end":{"line":109,"column":27}},"53":{"start":{"line":110,"column":8},"end":{"line":110,"column":35}},"54":{"start":{"line":111,"column":8},"end":{"line":111,"column":31}},"55":{"start":{"line":112,"column":8},"end":{"line":112,"column":33}},"56":{"start":{"line":114,"column":4},"end":{"line":127,"column":null}},"57":{"start":{"line":115,"column":8},"end":{"line":126,"column":null}},"58":{"start":{"line":115,"column":39},"end":{"line":115,"column":52}},"59":{"start":{"line":117,"column":16},"end":{"line":119,"column":47}},"60":{"start":{"line":120,"column":12},"end":{"line":124,"column":14}},"61":{"start":{"line":122,"column":47},"end":{"line":122,"column":60}},"62":{"start":{"line":125,"column":12},"end":{"line":125,"column":37}},"63":{"start":{"line":130,"column":4},"end":{"line":130,"column":21}},"64":{"start":{"line":131,"column":24},"end":{"line":131,"column":26}},"65":{"start":{"line":132,"column":31},"end":{"line":169,"column":12}},"66":{"start":{"line":133,"column":8},"end":{"line":168,"column":null}},"67":{"start":{"line":134,"column":12},"end":{"line":134,"column":46}},"68":{"start":{"line":135,"column":28},"end":{"line":135,"column":29}},"69":{"start":{"line":136,"column":12},"end":{"line":138,"column":null}},"70":{"start":{"line":137,"column":16},"end":{"line":137,"column":72}},"71":{"start":{"line":139,"column":12},"end":{"line":158,"column":null}},"72":{"start":{"line":139,"column":25},"end":{"line":139,"column":26}},"73":{"start":{"line":140,"column":16},"end":{"line":157,"column":null}},"74":{"start":{"line":140,"column":29},"end":{"line":140,"column":53}},"75":{"start":{"line":141,"column":20},"end":{"line":156,"column":null}},"76":{"start":{"line":142,"column":24},"end":{"line":155,"column":null}},"77":{"start":{"line":142,"column":37},"end":{"line":142,"column":42}},"78":{"start":{"line":143,"column":28},"end":{"line":149,"column":null}},"79":{"start":{"line":148,"column":32},"end":{"line":148,"column":38}},"80":{"start":{"line":150,"column":28},"end":{"line":154,"column":null}},"81":{"start":{"line":151,"column":56},"end":{"line":151,"column":82}},"82":{"start":{"line":152,"column":32},"end":{"line":152,"column":64}},"83":{"start":{"line":153,"column":32},"end":{"line":153,"column":76}},"84":{"start":{"line":159,"column":12},"end":{"line":161,"column":null}},"85":{"start":{"line":159,"column":25},"end":{"line":159,"column":26}},"86":{"start":{"line":160,"column":16},"end":{"line":160,"column":47}},"87":{"start":{"line":162,"column":12},"end":{"line":162,"column":52}},"88":{"start":{"line":163,"column":12},"end":{"line":163,"column":37}},"89":{"start":{"line":164,"column":12},"end":{"line":164,"column":36}},"90":{"start":{"line":165,"column":12},"end":{"line":165,"column":24}},"91":{"start":{"line":167,"column":12},"end":{"line":167,"column":58}},"92":{"start":{"line":172,"column":4},"end":{"line":172,"column":68}},"93":{"start":{"line":173,"column":4},"end":{"line":177,"column":null}},"94":{"start":{"line":174,"column":8},"end":{"line":176,"column":null}},"95":{"start":{"line":175,"column":12},"end":{"line":175,"column":94}},"96":{"start":{"line":182,"column":8},"end":{"line":182,"column":94}},"97":{"start":{"line":184,"column":4},"end":{"line":264,"column":7}},"98":{"start":{"line":185,"column":8},"end":{"line":187,"column":null}},"99":{"start":{"line":186,"column":12},"end":{"line":186,"column":22}},"100":{"start":{"line":188,"column":8},"end":{"line":263,"column":null}},"101":{"start":{"line":191,"column":20},"end":{"line":192,"column":88}},"102":{"start":{"line":195,"column":12},"end":{"line":197,"column":null}},"103":{"start":{"line":196,"column":16},"end":{"line":196,"column":36}},"104":{"start":{"line":198,"column":30},"end":{"line":198,"column":32}},"105":{"start":{"line":199,"column":12},"end":{"line":214,"column":null}},"106":{"start":{"line":200,"column":16},"end":{"line":203,"column":20}},"107":{"start":{"line":204,"column":19},"end":{"line":214,"column":null}},"108":{"start":{"line":205,"column":16},"end":{"line":208,"column":20}},"109":{"start":{"line":210,"column":16},"end":{"line":213,"column":20}},"110":{"start":{"line":215,"column":12},"end":{"line":217,"column":null}},"111":{"start":{"line":215,"column":25},"end":{"line":215,"column":26}},"112":{"start":{"line":216,"column":16},"end":{"line":216,"column":59}},"113":{"start":{"line":218,"column":24},"end":{"line":225,"column":14}},"114":{"start":{"line":226,"column":12},"end":{"line":255,"column":null}},"115":{"start":{"line":227,"column":39},"end":{"line":227,"column":66}},"116":{"start":{"line":228,"column":16},"end":{"line":254,"column":null}},"117":{"start":{"line":228,"column":29},"end":{"line":228,"column":30}},"118":{"start":{"line":229,"column":41},"end":{"line":230,"column":null}},"119":{"start":{"line":233,"column":20},"end":{"line":253,"column":null}},"120":{"start":{"line":236,"column":32},"end":{"line":236,"column":89}},"121":{"start":{"line":240,"column":24},"end":{"line":252,"column":27}},"122":{"start":{"line":257,"column":31},"end":{"line":257,"column":60}},"123":{"start":{"line":258,"column":12},"end":{"line":258,"column":31}},"124":{"start":{"line":259,"column":12},"end":{"line":259,"column":31}},"125":{"start":{"line":260,"column":12},"end":{"line":262,"column":null}},"126":{"start":{"line":261,"column":16},"end":{"line":261,"column":31}},"127":{"start":{"line":267,"column":4},"end":{"line":278,"column":null}},"128":{"start":{"line":268,"column":24},"end":{"line":268,"column":37}},"129":{"start":{"line":269,"column":8},"end":{"line":269,"column":51}},"130":{"start":{"line":270,"column":8},"end":{"line":272,"column":null}},"131":{"start":{"line":271,"column":12},"end":{"line":271,"column":42}},"132":{"start":{"line":273,"column":8},"end":{"line":277,"column":null}},"133":{"start":{"line":274,"column":12},"end":{"line":276,"column":null}},"134":{"start":{"line":275,"column":16},"end":{"line":275,"column":33}},"135":{"start":{"line":282,"column":22},"end":{"line":282,"column":52}},"136":{"start":{"line":283,"column":4},"end":{"line":306,"column":null}},"137":{"start":{"line":288,"column":8},"end":{"line":291,"column":10}},"138":{"start":{"line":292,"column":11},"end":{"line":306,"column":null}},"139":{"start":{"line":297,"column":8},"end":{"line":298,"column":29}},"140":{"start":{"line":299,"column":11},"end":{"line":306,"column":null}},"141":{"start":{"line":304,"column":8},"end":{"line":305,"column":26}},"142":{"start":{"line":307,"column":24},"end":{"line":307,"column":26}},"143":{"start":{"line":308,"column":4},"end":{"line":312,"column":null}},"144":{"start":{"line":309,"column":8},"end":{"line":311,"column":null}},"145":{"start":{"line":309,"column":38},"end":{"line":309,"column":51}},"146":{"start":{"line":310,"column":12},"end":{"line":310,"column":34}},"147":{"start":{"line":313,"column":4},"end":{"line":319,"column":null}},"148":{"start":{"line":315,"column":12},"end":{"line":315,"column":24}},"149":{"start":{"line":317,"column":12},"end":{"line":317,"column":21}},"150":{"start":{"line":318,"column":12},"end":{"line":318,"column":25}},"151":{"start":{"line":321,"column":8},"end":{"line":321,"column":56}},"152":{"start":{"line":322,"column":8},"end":{"line":322,"column":62}},"153":{"start":{"line":323,"column":8},"end":{"line":323,"column":67}},"154":{"start":{"line":324,"column":8},"end":{"line":326,"column":null}},"155":{"start":{"line":325,"column":12},"end":{"line":325,"column":28}},"156":{"start":{"line":331,"column":4},"end":{"line":333,"column":null}},"157":{"start":{"line":332,"column":8},"end":{"line":332,"column":25}},"158":{"start":{"line":336,"column":0},"end":{"line":336,"column":7}}},"fnMap":{"0":{"name":"displayFileOne","decl":{"start":{"line":44,"column":9},"end":{"line":44,"column":23}},"loc":{"start":{"line":44,"column":23},"end":{"line":170,"column":1}}},"1":{"name":"(anonymous_2)","decl":{"start":{"line":76,"column":28},"end":{"line":76,"column":29}},"loc":{"start":{"line":76,"column":38},"end":{"line":76,"column":51}}},"2":{"name":"(anonymous_3)","decl":{"start":{"line":83,"column":36},"end":{"line":83,"column":37}},"loc":{"start":{"line":83,"column":46},"end":{"line":83,"column":59}}},"3":{"name":"(anonymous_4)","decl":{"start":{"line":94,"column":16},"end":{"line":94,"column":17}},"loc":{"start":{"line":94,"column":26},"end":{"line":94,"column":84}}},"4":{"name":"(anonymous_5)","decl":{"start":{"line":95,"column":13},"end":{"line":95,"column":14}},"loc":{"start":{"line":96,"column":12},"end":{"line":96,"column":89}}},"5":{"name":"(anonymous_6)","decl":{"start":{"line":115,"column":29},"end":{"line":115,"column":30}},"loc":{"start":{"line":115,"column":39},"end":{"line":115,"column":52}}},"6":{"name":"(anonymous_7)","decl":{"start":{"line":122,"column":37},"end":{"line":122,"column":38}},"loc":{"start":{"line":122,"column":47},"end":{"line":122,"column":60}}},"7":{"name":"(anonymous_8)","decl":{"start":{"line":132,"column":43},"end":{"line":132,"column":46}},"loc":{"start":{"line":132,"column":48},"end":{"line":169,"column":5}}},"8":{"name":"writeFile","decl":{"start":{"line":171,"column":9},"end":{"line":171,"column":18}},"loc":{"start":{"line":171,"column":18},"end":{"line":178,"column":1}}},"9":{"name":"displayFile","decl":{"start":{"line":179,"column":9},"end":{"line":179,"column":20}},"loc":{"start":{"line":179,"column":28},"end":{"line":265,"column":1}}},"10":{"name":"(anonymous_11)","decl":{"start":{"line":184,"column":25},"end":{"line":184,"column":35}},"loc":{"start":{"line":184,"column":45},"end":{"line":264,"column":5}}},"11":{"name":"(anonymous_12)","decl":{"start":{"line":190,"column":16},"end":{"line":190,"column":17}},"loc":{"start":{"line":191,"column":20},"end":{"line":192,"column":88}}},"12":{"name":"(anonymous_13)","decl":{"start":{"line":235,"column":44},"end":{"line":235,"column":45}},"loc":{"start":{"line":236,"column":32},"end":{"line":236,"column":89}}},"13":{"name":"deepTraversal","decl":{"start":{"line":266,"column":9},"end":{"line":266,"column":22}},"loc":{"start":{"line":266,"column":27},"end":{"line":279,"column":1}}},"14":{"name":"findModel","decl":{"start":{"line":281,"column":9},"end":{"line":281,"column":18}},"loc":{"start":{"line":281,"column":18},"end":{"line":328,"column":1}}},"15":{"name":"(anonymous_16)","decl":{"start":{"line":309,"column":28},"end":{"line":309,"column":29}},"loc":{"start":{"line":309,"column":38},"end":{"line":309,"column":51}}},"16":{"name":"output","decl":{"start":{"line":320,"column":13},"end":{"line":320,"column":19}},"loc":{"start":{"line":320,"column":19},"end":{"line":327,"column":5}}},"17":{"name":"line","decl":{"start":{"line":330,"column":9},"end":{"line":330,"column":13}},"loc":{"start":{"line":330,"column":13},"end":{"line":334,"column":1}}}},"branchMap":{"0":{"loc":{"start":{"line":71,"column":4},"end":{"line":74,"column":null}},"type":"if","locations":[{"start":{"line":71,"column":4},"end":{"line":74,"column":null}},{"start":{"line":71,"column":4},"end":{"line":74,"column":null}}]},"1":{"loc":{"start":{"line":76,"column":8},"end":{"line":87,"column":null}},"type":"if","locations":[{"start":{"line":76,"column":8},"end":{"line":87,"column":null}},{"start":{"line":76,"column":8},"end":{"line":87,"column":null}}]},"2":{"loc":{"start":{"line":79,"column":22},"end":{"line":79,"column":60}},"type":"cond-expr","locations":[{"start":{"line":79,"column":22},"end":{"line":79,"column":60}},{"start":{"line":80,"column":22},"end":{"line":80,"column":47}}]},"3":{"loc":{"start":{"line":94,"column":26},"end":{"line":94,"column":58}},"type":"binary-expr","locations":[{"start":{"line":94,"column":26},"end":{"line":94,"column":58}},{"start":{"line":94,"column":62},"end":{"line":94,"column":84}}]},"4":{"loc":{"start":{"line":106,"column":4},"end":{"line":113,"column":null}},"type":"if","locations":[{"start":{"line":106,"column":4},"end":{"line":113,"column":null}},{"start":{"line":106,"column":4},"end":{"line":113,"column":null}}]},"5":{"loc":{"start":{"line":115,"column":8},"end":{"line":126,"column":null}},"type":"if","locations":[{"start":{"line":115,"column":8},"end":{"line":126,"column":null}},{"start":{"line":115,"column":8},"end":{"line":126,"column":null}}]},"6":{"loc":{"start":{"line":118,"column":22},"end":{"line":118,"column":60}},"type":"cond-expr","locations":[{"start":{"line":118,"column":22},"end":{"line":118,"column":60}},{"start":{"line":119,"column":22},"end":{"line":119,"column":47}}]},"7":{"loc":{"start":{"line":133,"column":8},"end":{"line":168,"column":null}},"type":"if","locations":[{"start":{"line":133,"column":8},"end":{"line":168,"column":null}},{"start":{"line":133,"column":8},"end":{"line":168,"column":null}}]},"8":{"loc":{"start":{"line":137,"column":51},"end":{"line":137,"column":59}},"type":"cond-expr","locations":[{"start":{"line":137,"column":51},"end":{"line":137,"column":59}},{"start":{"line":137,"column":62},"end":{"line":137,"column":71}}]},"9":{"loc":{"start":{"line":141,"column":20},"end":{"line":156,"column":null}},"type":"if","locations":[{"start":{"line":141,"column":20},"end":{"line":156,"column":null}},{"start":{"line":141,"column":20},"end":{"line":156,"column":null}}]},"10":{"loc":{"start":{"line":143,"column":28},"end":{"line":149,"column":null}},"type":"if","locations":[{"start":{"line":143,"column":28},"end":{"line":149,"column":null}},{"start":{"line":143,"column":28},"end":{"line":149,"column":null}}]},"11":{"loc":{"start":{"line":144,"column":32},"end":{"line":144,"column":51}},"type":"binary-expr","locations":[{"start":{"line":144,"column":32},"end":{"line":144,"column":51}},{"start":{"line":145,"column":32},"end":{"line":145,"column":65}},{"start":{"line":146,"column":32},"end":{"line":146,"column":66}}]},"12":{"loc":{"start":{"line":150,"column":28},"end":{"line":154,"column":null}},"type":"if","locations":[{"start":{"line":150,"column":28},"end":{"line":154,"column":null}},{"start":{"line":150,"column":28},"end":{"line":154,"column":null}}]},"13":{"loc":{"start":{"line":182,"column":48},"end":{"line":182,"column":79}},"type":"cond-expr","locations":[{"start":{"line":182,"column":48},"end":{"line":182,"column":79}},{"start":{"line":182,"column":82},"end":{"line":182,"column":94}}]},"14":{"loc":{"start":{"line":185,"column":8},"end":{"line":187,"column":null}},"type":"if","locations":[{"start":{"line":185,"column":8},"end":{"line":187,"column":null}},{"start":{"line":185,"column":8},"end":{"line":187,"column":null}}]},"15":{"loc":{"start":{"line":188,"column":8},"end":{"line":263,"column":null}},"type":"if","locations":[{"start":{"line":188,"column":8},"end":{"line":263,"column":null}},{"start":{"line":188,"column":8},"end":{"line":263,"column":null}}]},"16":{"loc":{"start":{"line":191,"column":20},"end":{"line":191,"column":65}},"type":"binary-expr","locations":[{"start":{"line":191,"column":20},"end":{"line":191,"column":65}},{"start":{"line":192,"column":20},"end":{"line":192,"column":88}}]},"17":{"loc":{"start":{"line":195,"column":12},"end":{"line":197,"column":null}},"type":"if","locations":[{"start":{"line":195,"column":12},"end":{"line":197,"column":null}},{"start":{"line":195,"column":12},"end":{"line":197,"column":null}}]},"18":{"loc":{"start":{"line":199,"column":12},"end":{"line":214,"column":null}},"type":"if","locations":[{"start":{"line":199,"column":12},"end":{"line":214,"column":null}},{"start":{"line":199,"column":12},"end":{"line":214,"column":null}}]},"19":{"loc":{"start":{"line":204,"column":19},"end":{"line":214,"column":null}},"type":"if","locations":[{"start":{"line":204,"column":19},"end":{"line":214,"column":null}},{"start":{"line":204,"column":19},"end":{"line":214,"column":null}}]},"20":{"loc":{"start":{"line":204,"column":23},"end":{"line":204,"column":37}},"type":"binary-expr","locations":[{"start":{"line":204,"column":23},"end":{"line":204,"column":37}},{"start":{"line":204,"column":41},"end":{"line":204,"column":64}}]},"21":{"loc":{"start":{"line":223,"column":44},"end":{"line":223,"column":61}},"type":"cond-expr","locations":[{"start":{"line":223,"column":44},"end":{"line":223,"column":61}},{"start":{"line":223,"column":64},"end":{"line":223,"column":81}}]},"22":{"loc":{"start":{"line":226,"column":12},"end":{"line":255,"column":null}},"type":"if","locations":[{"start":{"line":226,"column":12},"end":{"line":255,"column":null}},{"start":{"line":226,"column":12},"end":{"line":255,"column":null}}]},"23":{"loc":{"start":{"line":233,"column":20},"end":{"line":253,"column":null}},"type":"if","locations":[{"start":{"line":233,"column":20},"end":{"line":253,"column":null}},{"start":{"line":233,"column":20},"end":{"line":253,"column":null}}]},"24":{"loc":{"start":{"line":234,"column":25},"end":{"line":234,"column":69}},"type":"binary-expr","locations":[{"start":{"line":234,"column":25},"end":{"line":234,"column":69}},{"start":{"line":235,"column":28},"end":{"line":237,"column":42}},{"start":{"line":238,"column":24},"end":{"line":238,"column":69}}]},"25":{"loc":{"start":{"line":243,"column":70},"end":{"line":243,"column":74}},"type":"cond-expr","locations":[{"start":{"line":243,"column":70},"end":{"line":243,"column":74}},{"start":{"line":243,"column":77},"end":{"line":243,"column":82}}]},"26":{"loc":{"start":{"line":249,"column":34},"end":{"line":249,"column":51}},"type":"cond-expr","locations":[{"start":{"line":249,"column":34},"end":{"line":249,"column":51}},{"start":{"line":250,"column":34},"end":{"line":250,"column":51}}]},"27":{"loc":{"start":{"line":267,"column":4},"end":{"line":278,"column":null}},"type":"if","locations":[{"start":{"line":267,"column":4},"end":{"line":278,"column":null}},{"start":{"line":267,"column":4},"end":{"line":278,"column":null}}]},"28":{"loc":{"start":{"line":270,"column":8},"end":{"line":272,"column":null}},"type":"if","locations":[{"start":{"line":270,"column":8},"end":{"line":272,"column":null}},{"start":{"line":270,"column":8},"end":{"line":272,"column":null}}]},"29":{"loc":{"start":{"line":273,"column":8},"end":{"line":277,"column":null}},"type":"if","locations":[{"start":{"line":273,"column":8},"end":{"line":277,"column":null}},{"start":{"line":273,"column":8},"end":{"line":277,"column":null}}]},"30":{"loc":{"start":{"line":283,"column":4},"end":{"line":306,"column":null}},"type":"if","locations":[{"start":{"line":283,"column":4},"end":{"line":306,"column":null}},{"start":{"line":283,"column":4},"end":{"line":306,"column":null}}]},"31":{"loc":{"start":{"line":284,"column":8},"end":{"line":284,"column":58}},"type":"binary-expr","locations":[{"start":{"line":284,"column":8},"end":{"line":284,"column":58}},{"start":{"line":285,"column":8},"end":{"line":285,"column":83}},{"start":{"line":286,"column":8},"end":{"line":286,"column":80}}]},"32":{"loc":{"start":{"line":292,"column":11},"end":{"line":306,"column":null}},"type":"if","locations":[{"start":{"line":292,"column":11},"end":{"line":306,"column":null}},{"start":{"line":292,"column":11},"end":{"line":306,"column":null}}]},"33":{"loc":{"start":{"line":293,"column":8},"end":{"line":293,"column":58}},"type":"binary-expr","locations":[{"start":{"line":293,"column":8},"end":{"line":293,"column":58}},{"start":{"line":294,"column":8},"end":{"line":294,"column":83}},{"start":{"line":295,"column":8},"end":{"line":295,"column":81}}]},"34":{"loc":{"start":{"line":299,"column":11},"end":{"line":306,"column":null}},"type":"if","locations":[{"start":{"line":299,"column":11},"end":{"line":306,"column":null}},{"start":{"line":299,"column":11},"end":{"line":306,"column":null}}]},"35":{"loc":{"start":{"line":300,"column":8},"end":{"line":300,"column":58}},"type":"binary-expr","locations":[{"start":{"line":300,"column":8},"end":{"line":300,"column":58}},{"start":{"line":301,"column":8},"end":{"line":301,"column":84}},{"start":{"line":302,"column":8},"end":{"line":302,"column":80}}]},"36":{"loc":{"start":{"line":309,"column":8},"end":{"line":311,"column":null}},"type":"if","locations":[{"start":{"line":309,"column":8},"end":{"line":311,"column":null}},{"start":{"line":309,"column":8},"end":{"line":311,"column":null}}]},"37":{"loc":{"start":{"line":314,"column":8},"end":{"line":315,"column":24}},"type":"switch","locations":[{"start":{"line":314,"column":8},"end":{"line":315,"column":24}},{"start":{"line":316,"column":8},"end":{"line":318,"column":25}}]},"38":{"loc":{"start":{"line":331,"column":4},"end":{"line":333,"column":null}},"type":"if","locations":[{"start":{"line":331,"column":4},"end":{"line":333,"column":null}},{"start":{"line":331,"column":4},"end":{"line":333,"column":null}}]}},"s":{"0":1,"1":1,"2":1,"3":1,"4":1,"5":1,"6":1,"7":1,"8":1,"9":1,"10":1,"11":1,"12":1,"13":1,"14":1,"15":1,"16":1,"17":1,"18":1,"19":1,"20":1,"21":1,"22":1,"23":1,"24":1,"25":1,"26":1,"27":1,"28":13,"29":13,"30":13,"31":1,"32":0,"33":0,"34":1,"35":14,"36":638,"37":14,"38":14,"39":638,"40":14,"41":1,"42":4,"43":1,"44":1,"45":1,"46":1,"47":1,"48":1,"49":1,"50":0,"51":0,"52":0,"53":0,"54":0,"55":0,"56":1,"57":14,"58":784,"59":0,"60":0,"61":0,"62":0,"63":1,"64":1,"65":1,"66":0,"67":0,"68":0,"69":0,"70":0,"71":0,"72":0,"73":0,"74":0,"75":0,"76":0,"77":0,"78":0,"79":0,"80":0,"81":0,"82":0,"83":0,"84":0,"85":0,"86":0,"87":0,"88":0,"89":0,"90":0,"91":0,"92":0,"93":0,"94":0,"95":0,"96":1,"97":1,"98":0,"99":0,"100":0,"101":0,"102":0,"103":0,"104":0,"105":0,"106":0,"107":0,"108":0,"109":0,"110":0,"111":0,"112":0,"113":0,"114":0,"115":0,"116":0,"117":0,"118":0,"119":0,"120":0,"121":0,"122":0,"123":0,"124":0,"125":0,"126":0,"127":0,"128":0,"129":0,"130":0,"131":0,"132":0,"133":0,"134":0,"135":1,"136":1,"137":0,"138":1,"139":1,"140":0,"141":0,"142":1,"143":1,"144":14,"145":638,"146":0,"147":1,"148":1,"149":0,"150":0,"151":0,"152":0,"153":0,"154":0,"155":0,"156":1,"157":1,"158":1},"f":{"0":1,"1":638,"2":638,"3":4,"4":1,"5":784,"6":0,"7":0,"8":0,"9":1,"10":0,"11":0,"12":0,"13":0,"14":1,"15":638,"16":0,"17":1},"b":{"0":[0,1],"1":[14,0],"2":[14,0],"3":[4,2],"4":[0,1],"5":[0,14],"6":[0,0],"7":[0,0],"8":[0,0],"9":[0,0],"10":[0,0],"11":[0,0,0],"12":[0,0],"13":[1,0],"14":[0,0],"15":[0,0],"16":[0,0],"17":[0,0],"18":[0,0],"19":[0,0],"20":[0,0],"21":[0,0],"22":[0,0],"23":[0,0],"24":[0,0,0],"25":[0,0],"26":[0,0],"27":[0,0],"28":[0,0],"29":[0,0],"30":[0,1],"31":[1,1,1],"32":[1,0],"33":[1,1,1],"34":[0,0],"35":[0,0,0],"36":[0,14],"37":[1,0],"38":[1,0]}}
}
