TN:
SF:src\index.ts
FN:44,displayFileOne
FN:76,(anonymous_2)
FN:83,(anonymous_3)
FN:94,(anonymous_4)
FN:95,(anonymous_5)
FN:115,(anonymous_6)
FN:122,(anonymous_7)
FN:132,(anonymous_8)
FN:171,writeFile
FN:179,displayFile
FN:184,(anonymous_11)
FN:190,(anonymous_12)
FN:235,(anonymous_13)
FN:266,deepTraversal
FN:281,findModel
FN:309,(anonymous_16)
FN:320,output
FN:330,line
FNF:18
FNH:10
FNDA:1,displayFileOne
FNDA:638,(anonymous_2)
FNDA:638,(anonymous_3)
FNDA:4,(anonymous_4)
FNDA:1,(anonymous_5)
FNDA:784,(anonymous_6)
FNDA:0,(anonymous_7)
FNDA:0,(anonymous_8)
FNDA:0,writeFile
FNDA:1,displayFile
FNDA:0,(anonymous_11)
FNDA:0,(anonymous_12)
FNDA:0,(anonymous_13)
FNDA:0,deepTraversal
FNDA:1,findModel
FNDA:638,(anonymous_16)
FNDA:0,output
FNDA:1,line
DA:2,1
DA:3,1
DA:4,1
DA:5,1
DA:6,1
DA:7,1
DA:8,1
DA:9,1
DA:10,1
DA:11,1
DA:12,1
DA:13,1
DA:14,1
DA:15,1
DA:23,1
DA:40,1
DA:41,1
DA:42,1
DA:46,1
DA:52,1
DA:53,1
DA:54,1
DA:55,13
DA:56,13
DA:67,13
DA:71,1
DA:72,0
DA:73,0
DA:75,1
DA:76,638
DA:78,14
DA:81,14
DA:83,638
DA:86,14
DA:91,1
DA:94,4
DA:96,1
DA:98,1
DA:99,1
DA:100,1
DA:101,1
DA:102,1
DA:106,1
DA:107,0
DA:108,0
DA:109,0
DA:110,0
DA:111,0
DA:112,0
DA:114,1
DA:115,784
DA:117,0
DA:120,0
DA:122,0
DA:125,0
DA:130,1
DA:131,1
DA:132,1
DA:133,0
DA:134,0
DA:135,0
DA:136,0
DA:137,0
DA:139,0
DA:140,0
DA:141,0
DA:142,0
DA:143,0
DA:148,0
DA:150,0
DA:151,0
DA:152,0
DA:153,0
DA:159,0
DA:160,0
DA:162,0
DA:163,0
DA:164,0
DA:165,0
DA:167,0
DA:172,0
DA:173,0
DA:174,0
DA:175,0
DA:182,1
DA:184,1
DA:185,0
DA:186,0
DA:188,0
DA:191,0
DA:195,0
DA:196,0
DA:198,0
DA:199,0
DA:200,0
DA:204,0
DA:205,0
DA:210,0
DA:215,0
DA:216,0
DA:218,0
DA:226,0
DA:227,0
DA:228,0
DA:229,0
DA:233,0
DA:236,0
DA:240,0
DA:257,0
DA:258,0
DA:259,0
DA:260,0
DA:261,0
DA:267,0
DA:268,0
DA:269,0
DA:270,0
DA:271,0
DA:273,0
DA:274,0
DA:275,0
DA:282,1
DA:283,1
DA:288,0
DA:292,1
DA:297,1
DA:299,0
DA:304,0
DA:307,1
DA:308,1
DA:309,638
DA:310,0
DA:313,1
DA:315,1
DA:317,0
DA:318,0
DA:321,0
DA:322,0
DA:323,0
DA:324,0
DA:325,0
DA:331,1
DA:332,1
DA:336,1
DA:338,1
LF:145
LH:61
BRDA:71,0,0,0
BRDA:71,0,1,1
BRDA:76,1,0,14
BRDA:76,1,1,0
BRDA:79,2,0,14
BRDA:79,2,1,0
BRDA:94,3,0,4
BRDA:94,3,1,2
BRDA:106,4,0,0
BRDA:106,4,1,1
BRDA:115,5,0,0
BRDA:115,5,1,14
BRDA:118,6,0,0
BRDA:118,6,1,0
BRDA:133,7,0,0
BRDA:133,7,1,0
BRDA:137,8,0,0
BRDA:137,8,1,0
BRDA:141,9,0,0
BRDA:141,9,1,0
BRDA:143,10,0,0
BRDA:143,10,1,0
BRDA:144,11,0,0
BRDA:144,11,1,0
BRDA:144,11,2,0
BRDA:150,12,0,0
BRDA:150,12,1,0
BRDA:182,13,0,1
BRDA:182,13,1,0
BRDA:185,14,0,0
BRDA:185,14,1,0
BRDA:188,15,0,0
BRDA:188,15,1,0
BRDA:191,16,0,0
BRDA:191,16,1,0
BRDA:195,17,0,0
BRDA:195,17,1,0
BRDA:199,18,0,0
BRDA:199,18,1,0
BRDA:204,19,0,0
BRDA:204,19,1,0
BRDA:204,20,0,0
BRDA:204,20,1,0
BRDA:223,21,0,0
BRDA:223,21,1,0
BRDA:226,22,0,0
BRDA:226,22,1,0
BRDA:233,23,0,0
BRDA:233,23,1,0
BRDA:234,24,0,0
BRDA:234,24,1,0
BRDA:234,24,2,0
BRDA:243,25,0,0
BRDA:243,25,1,0
BRDA:249,26,0,0
BRDA:249,26,1,0
BRDA:267,27,0,0
BRDA:267,27,1,0
BRDA:270,28,0,0
BRDA:270,28,1,0
BRDA:273,29,0,0
BRDA:273,29,1,0
BRDA:283,30,0,0
BRDA:283,30,1,1
BRDA:284,31,0,1
BRDA:284,31,1,1
BRDA:284,31,2,1
BRDA:292,32,0,1
BRDA:292,32,1,0
BRDA:293,33,0,1
BRDA:293,33,1,1
BRDA:293,33,2,1
BRDA:299,34,0,0
BRDA:299,34,1,0
BRDA:300,35,0,0
BRDA:300,35,1,0
BRDA:300,35,2,0
BRDA:309,36,0,0
BRDA:309,36,1,14
BRDA:314,37,0,1
BRDA:314,37,1,0
BRDA:331,38,0,1
BRDA:331,38,1,0
BRF:83
BRH:19
end_of_record
